<?xml version="1.0" encoding="UTF-8"?>
<testsuites>
  <testsuite name="C:\Solicode\Presenatation\Tests-unitaires-Laravel-\Pattern-AAA\my-testing-app\phpunit.xml" tests="2" assertions="1" errors="1" failures="0" skipped="0" time="0.073062">
    <testsuite name="Unit" tests="1" assertions="0" errors="1" failures="0" skipped="0" time="0.000000">
      <testsuite name="Tests\Feature\StockServiceTest" file="C:\Solicode\Presenatation\Tests-unitaires-Laravel-\Pattern-AAA\my-testing-app\tests\Unit\StockServiceTest.php" tests="1" assertions="0" errors="1" failures="0" skipped="0" time="0.000000">
        <testcase name="test_it_adds_stock_correctly" file="C:\Solicode\Presenatation\Tests-unitaires-Laravel-\Pattern-AAA\my-testing-app\tests\Unit\StockServiceTest.php" line="14" class="Tests\Feature\StockServiceTest" classname="Tests.Feature.StockServiceTest" assertions="0" time="0.000000">
          <error type="Illuminate\Database\QueryException">Tests\Feature\StockServiceTest::test_it_adds_stock_correctly&#13;
Illuminate\Database\QueryException: could not find driver (Connection: sqlite, Database: :memory:, SQL: select exists (select 1 from "main".sqlite_master where name = 'migrations' and type = 'table') as "exists")
&#13;
C:\Solicode\Presenatation\Tests-unitaires-Laravel-\Pattern-AAA\my-testing-app\vendor\laravel\framework\src\Illuminate\Database\Connection.php:841
C:\Solicode\Presenatation\Tests-unitaires-Laravel-\Pattern-AAA\my-testing-app\vendor\laravel\framework\src\Illuminate\Database\Connection.php:797
C:\Solicode\Presenatation\Tests-unitaires-Laravel-\Pattern-AAA\my-testing-app\vendor\laravel\framework\src\Illuminate\Database\Connection.php:412
C:\Solicode\Presenatation\Tests-unitaires-Laravel-\Pattern-AAA\my-testing-app\vendor\laravel\framework\src\Illuminate\Database\Connection.php:357
C:\Solicode\Presenatation\Tests-unitaires-Laravel-\Pattern-AAA\my-testing-app\vendor\laravel\framework\src\Illuminate\Database\Connection.php:374
C:\Solicode\Presenatation\Tests-unitaires-Laravel-\Pattern-AAA\my-testing-app\vendor\laravel\framework\src\Illuminate\Database\Schema\Builder.php:176
C:\Solicode\Presenatation\Tests-unitaires-Laravel-\Pattern-AAA\my-testing-app\vendor\laravel\framework\src\Illuminate\Database\Migrations\DatabaseMigrationRepository.php:185
C:\Solicode\Presenatation\Tests-unitaires-Laravel-\Pattern-AAA\my-testing-app\vendor\laravel\framework\src\Illuminate\Database\Migrations\Migrator.php:758
C:\Solicode\Presenatation\Tests-unitaires-Laravel-\Pattern-AAA\my-testing-app\vendor\laravel\framework\src\Illuminate\Database\Console\Migrations\MigrateCommand.php:166
C:\Solicode\Presenatation\Tests-unitaires-Laravel-\Pattern-AAA\my-testing-app\vendor\laravel\framework\src\Illuminate\Support\helpers.php:328
C:\Solicode\Presenatation\Tests-unitaires-Laravel-\Pattern-AAA\my-testing-app\vendor\laravel\framework\src\Illuminate\Database\Console\Migrations\MigrateCommand.php:166
C:\Solicode\Presenatation\Tests-unitaires-Laravel-\Pattern-AAA\my-testing-app\vendor\laravel\framework\src\Illuminate\Database\Console\Migrations\MigrateCommand.php:142
C:\Solicode\Presenatation\Tests-unitaires-Laravel-\Pattern-AAA\my-testing-app\vendor\laravel\framework\src\Illuminate\Database\Console\Migrations\MigrateCommand.php:112
C:\Solicode\Presenatation\Tests-unitaires-Laravel-\Pattern-AAA\my-testing-app\vendor\laravel\framework\src\Illuminate\Database\Migrations\Migrator.php:671
C:\Solicode\Presenatation\Tests-unitaires-Laravel-\Pattern-AAA\my-testing-app\vendor\laravel\framework\src\Illuminate\Database\Console\Migrations\MigrateCommand.php:111
C:\Solicode\Presenatation\Tests-unitaires-Laravel-\Pattern-AAA\my-testing-app\vendor\laravel\framework\src\Illuminate\Database\Console\Migrations\MigrateCommand.php:90
C:\Solicode\Presenatation\Tests-unitaires-Laravel-\Pattern-AAA\my-testing-app\vendor\laravel\framework\src\Illuminate\Container\BoundMethod.php:36
C:\Solicode\Presenatation\Tests-unitaires-Laravel-\Pattern-AAA\my-testing-app\vendor\laravel\framework\src\Illuminate\Container\Util.php:43
C:\Solicode\Presenatation\Tests-unitaires-Laravel-\Pattern-AAA\my-testing-app\vendor\laravel\framework\src\Illuminate\Container\BoundMethod.php:96
C:\Solicode\Presenatation\Tests-unitaires-Laravel-\Pattern-AAA\my-testing-app\vendor\laravel\framework\src\Illuminate\Container\BoundMethod.php:35
C:\Solicode\Presenatation\Tests-unitaires-Laravel-\Pattern-AAA\my-testing-app\vendor\laravel\framework\src\Illuminate\Container\Container.php:799
C:\Solicode\Presenatation\Tests-unitaires-Laravel-\Pattern-AAA\my-testing-app\vendor\laravel\framework\src\Illuminate\Console\Command.php:280
C:\Solicode\Presenatation\Tests-unitaires-Laravel-\Pattern-AAA\my-testing-app\vendor\symfony\console\Command\Command.php:291
C:\Solicode\Presenatation\Tests-unitaires-Laravel-\Pattern-AAA\my-testing-app\vendor\laravel\framework\src\Illuminate\Console\Command.php:249
C:\Solicode\Presenatation\Tests-unitaires-Laravel-\Pattern-AAA\my-testing-app\vendor\laravel\framework\src\Illuminate\Console\Concerns\CallsCommands.php:68
C:\Solicode\Presenatation\Tests-unitaires-Laravel-\Pattern-AAA\my-testing-app\vendor\laravel\framework\src\Illuminate\Console\Concerns\CallsCommands.php:29
C:\Solicode\Presenatation\Tests-unitaires-Laravel-\Pattern-AAA\my-testing-app\vendor\laravel\framework\src\Illuminate\Database\Console\Migrations\FreshCommand.php:88
C:\Solicode\Presenatation\Tests-unitaires-Laravel-\Pattern-AAA\my-testing-app\vendor\laravel\framework\src\Illuminate\Container\BoundMethod.php:36
C:\Solicode\Presenatation\Tests-unitaires-Laravel-\Pattern-AAA\my-testing-app\vendor\laravel\framework\src\Illuminate\Container\Util.php:43
C:\Solicode\Presenatation\Tests-unitaires-Laravel-\Pattern-AAA\my-testing-app\vendor\laravel\framework\src\Illuminate\Container\BoundMethod.php:96
C:\Solicode\Presenatation\Tests-unitaires-Laravel-\Pattern-AAA\my-testing-app\vendor\laravel\framework\src\Illuminate\Container\BoundMethod.php:35
C:\Solicode\Presenatation\Tests-unitaires-Laravel-\Pattern-AAA\my-testing-app\vendor\laravel\framework\src\Illuminate\Container\Container.php:799
C:\Solicode\Presenatation\Tests-unitaires-Laravel-\Pattern-AAA\my-testing-app\vendor\laravel\framework\src\Illuminate\Console\Command.php:280
C:\Solicode\Presenatation\Tests-unitaires-Laravel-\Pattern-AAA\my-testing-app\vendor\symfony\console\Command\Command.php:291
C:\Solicode\Presenatation\Tests-unitaires-Laravel-\Pattern-AAA\my-testing-app\vendor\laravel\framework\src\Illuminate\Console\Command.php:249
C:\Solicode\Presenatation\Tests-unitaires-Laravel-\Pattern-AAA\my-testing-app\vendor\symfony\console\Application.php:1084
C:\Solicode\Presenatation\Tests-unitaires-Laravel-\Pattern-AAA\my-testing-app\vendor\symfony\console\Application.php:356
C:\Solicode\Presenatation\Tests-unitaires-Laravel-\Pattern-AAA\my-testing-app\vendor\symfony\console\Application.php:195
C:\Solicode\Presenatation\Tests-unitaires-Laravel-\Pattern-AAA\my-testing-app\vendor\laravel\framework\src\Illuminate\Console\Application.php:165
C:\Solicode\Presenatation\Tests-unitaires-Laravel-\Pattern-AAA\my-testing-app\vendor\laravel\framework\src\Illuminate\Foundation\Console\Kernel.php:447
C:\Solicode\Presenatation\Tests-unitaires-Laravel-\Pattern-AAA\my-testing-app\vendor\laravel\framework\src\Illuminate\Testing\PendingCommand.php:451
C:\Solicode\Presenatation\Tests-unitaires-Laravel-\Pattern-AAA\my-testing-app\vendor\laravel\framework\src\Illuminate\Testing\PendingCommand.php:675
C:\Solicode\Presenatation\Tests-unitaires-Laravel-\Pattern-AAA\my-testing-app\vendor\laravel\framework\src\Illuminate\Foundation\Testing\Concerns\InteractsWithConsole.php:87
C:\Solicode\Presenatation\Tests-unitaires-Laravel-\Pattern-AAA\my-testing-app\vendor\laravel\framework\src\Illuminate\Foundation\Testing\RefreshDatabase.php:119
C:\Solicode\Presenatation\Tests-unitaires-Laravel-\Pattern-AAA\my-testing-app\vendor\laravel\framework\src\Illuminate\Foundation\Testing\RefreshDatabase.php:84
C:\Solicode\Presenatation\Tests-unitaires-Laravel-\Pattern-AAA\my-testing-app\vendor\laravel\framework\src\Illuminate\Foundation\Testing\RefreshDatabase.php:25
C:\Solicode\Presenatation\Tests-unitaires-Laravel-\Pattern-AAA\my-testing-app\vendor\laravel\framework\src\Illuminate\Foundation\Testing\Concerns\InteractsWithTestCaseLifecycle.php:223
C:\Solicode\Presenatation\Tests-unitaires-Laravel-\Pattern-AAA\my-testing-app\vendor\laravel\framework\src\Illuminate\Foundation\Testing\Concerns\InteractsWithTestCaseLifecycle.php:104
C:\Solicode\Presenatation\Tests-unitaires-Laravel-\Pattern-AAA\my-testing-app\vendor\laravel\framework\src\Illuminate\Foundation\Testing\TestCase.php:70</error>
        </testcase>
      </testsuite>
    </testsuite>
    <testsuite name="Feature" tests="1" assertions="1" errors="0" failures="0" skipped="0" time="0.073062">
      <testsuite name="Tests\Feature\ExampleTest" file="C:\Solicode\Presenatation\Tests-unitaires-Laravel-\Pattern-AAA\my-testing-app\tests\Feature\ExampleTest.php" tests="1" assertions="1" errors="0" failures="0" skipped="0" time="0.073062">
        <testcase name="test_the_application_returns_a_successful_response" file="C:\Solicode\Presenatation\Tests-unitaires-Laravel-\Pattern-AAA\my-testing-app\tests\Feature\ExampleTest.php" line="13" class="Tests\Feature\ExampleTest" classname="Tests.Feature.ExampleTest" assertions="1" time="0.073062"/>
      </testsuite>
    </testsuite>
  </testsuite>
</testsuites>
